# JRE version: OpenJDK Runtime Environment Temurin-17.0.6+10 (17.0.6+10) (build 17.0.6+10)
# Java VM: OpenJDK 64-Bit Server VM Temurin-17.0.6+10 (17.0.6+10, mixed mode, tiered, compressed oops, compressed class ptrs, parallel gc, windows-amd64)
GC Precious Log:
 CPUs: 4 total, 4 available
 Memory: 5814M
 Large Page Support: Disabled
 NUMA Support: Disabled
 Compressed Oops: Enabled (32-bit)
 Alignments: Space 512K, Generation 512K, Heap 2M
 Heap Min Capacity: 100M
 Heap Initial Capacity: 100M
 Heap Max Capacity: 1G
 Pre-touch: Disabled
 Parallel Workers: 4
Heap:
 PSYoungGen      total 52224K, used 44896K [0x00000000eab00000, 0x00000000f0100000, 0x0000000100000000)
  eden space 18432K, 61% used [0x00000000eab00000,0x00000000eb615bf8,0x00000000ebd00000)
  from space 33792K, 99% used [0x00000000ebd00000,0x00000000eddc2520,0x00000000ede00000)
  to   space 34816K, 0% used [0x00000000edf00000,0x00000000edf00000,0x00000000f0100000)
 ParOldGen       total 359936K, used 331340K [0x00000000c0000000, 0x00000000d5f80000, 0x00000000eab00000)
  object space 359936K, 92% used [0x00000000c0000000,0x00000000d4393270,0x00000000d5f80000)
 Metaspace       used 65915K, committed 66816K, reserved 1114112K
  class space    used 7134K, committed 7488K, reserved 1048576K
GC Heap History (20 events):
Event: 59.639 GC heap before
{Heap before GC invocations=114 (full 8):
 PSYoungGen      total 38912K, used 38904K [0x00000000eab00000, 0x00000000ee200000, 0x0000000100000000)
  eden space 26624K, 100% used [0x00000000eab00000,0x00000000ec500000,0x00000000ec500000)
  from space 12288K, 99% used [0x00000000ed600000,0x00000000ee1fe010,0x00000000ee200000)
  to   space 14336K, 0% used [0x00000000ec600000,0x00000000ec600000,0x00000000ed400000)
 ParOldGen       total 286208K, used 265482K [0x00000000c0000000, 0x00000000d1780000, 0x00000000eab00000)
  object space 286208K, 92% used [0x00000000c0000000,0x00000000d0342820,0x00000000d1780000)
 Metaspace       used 65364K, committed 66368K, reserved 1114112K
  class space    used 7089K, committed 7488K, reserved 1048576K
}
Event: 59.658 GC heap after
{Heap after GC invocations=114 (full 8):
 PSYoungGen      total 41984K, used 14306K [0x00000000eab00000, 0x00000000eef00000, 0x0000000100000000)
  eden space 27648K, 0% used [0x00000000eab00000,0x00000000eab00000,0x00000000ec600000)
  from space 14336K, 99% used [0x00000000ec600000,0x00000000ed3f8998,0x00000000ed400000)
  to   space 20480K, 0% used [0x00000000edb00000,0x00000000edb00000,0x00000000eef00000)
 ParOldGen       total 286208K, used 270212K [0x00000000c0000000, 0x00000000d1780000, 0x00000000eab00000)
  object space 286208K, 94% used [0x00000000c0000000,0x00000000d07e10e0,0x00000000d1780000)
 Metaspace       used 65364K, committed 66368K, reserved 1114112K
  class space    used 7089K, committed 7488K, reserved 1048576K
}
Event: 59.878 GC heap before
{Heap before GC invocations=115 (full 8):
 PSYoungGen      total 41984K, used 41954K [0x00000000eab00000, 0x00000000eef00000, 0x0000000100000000)
  eden space 27648K, 100% used [0x00000000eab00000,0x00000000ec600000,0x00000000ec600000)
  from space 14336K, 99% used [0x00000000ec600000,0x00000000ed3f8998,0x00000000ed400000)
  to   space 20480K, 0% used [0x00000000edb00000,0x00000000edb00000,0x00000000eef00000)
 ParOldGen       total 286208K, used 270212K [0x00000000c0000000, 0x00000000d1780000, 0x00000000eab00000)
  object space 286208K, 94% used [0x00000000c0000000,0x00000000d07e10e0,0x00000000d1780000)
 Metaspace       used 65364K, committed 66368K, reserved 1114112K
  class space    used 7089K, committed 7488K, reserved 1048576K
}
Event: 59.902 GC heap after
{Heap after GC invocations=115 (full 8):
 PSYoungGen      total 47104K, used 17064K [0x00000000eab00000, 0x00000000eec00000, 0x0000000100000000)
  eden space 29696K, 0% used [0x00000000eab00000,0x00000000eab00000,0x00000000ec800000)
  from space 17408K, 98% used [0x00000000edb00000,0x00000000eebaa000,0x00000000eec00000)
  to   space 17920K, 0% used [0x00000000ec900000,0x00000000ec900000,0x00000000eda80000)
 ParOldGen       total 286208K, used 276212K [0x00000000c0000000, 0x00000000d1780000, 0x00000000eab00000)
  object space 286208K, 96% used [0x00000000c0000000,0x00000000d0dbd058,0x00000000d1780000)
 Metaspace       used 65364K, committed 66368K, reserved 1114112K
  class space    used 7089K, committed 7488K, reserved 1048576K
}
Event: 60.229 GC heap before
{Heap before GC invocations=116 (full 8):
 PSYoungGen      total 47104K, used 46760K [0x00000000eab00000, 0x00000000eec00000, 0x0000000100000000)
  eden space 29696K, 100% used [0x00000000eab00000,0x00000000ec800000,0x00000000ec800000)
  from space 17408K, 98% used [0x00000000edb00000,0x00000000eebaa000,0x00000000eec00000)
  to   space 17920K, 0% used [0x00000000ec900000,0x00000000ec900000,0x00000000eda80000)
 ParOldGen       total 286208K, used 276212K [0x00000000c0000000, 0x00000000d1780000, 0x00000000eab00000)
  object space 286208K, 96% used [0x00000000c0000000,0x00000000d0dbd058,0x00000000d1780000)
 Metaspace       used 65365K, committed 66368K, reserved 1114112K
  class space    used 7089K, committed 7488K, reserved 1048576K
}
Event: 60.248 GC heap after
{Heap after GC invocations=116 (full 8):
 PSYoungGen      total 48640K, used 17905K [0x00000000eab00000, 0x00000000f0280000, 0x0000000100000000)
  eden space 30720K, 0% used [0x00000000eab00000,0x00000000eab00000,0x00000000ec900000)
  from space 17920K, 99% used [0x00000000ec900000,0x00000000eda7c480,0x00000000eda80000)
  to   space 28672K, 0% used [0x00000000ee680000,0x00000000ee680000,0x00000000f0280000)
 ParOldGen       total 286208K, used 285053K [0x00000000c0000000, 0x00000000d1780000, 0x00000000eab00000)
  object space 286208K, 99% used [0x00000000c0000000,0x00000000d165f490,0x00000000d1780000)
 Metaspace       used 65365K, committed 66368K, reserved 1114112K
  class space    used 7089K, committed 7488K, reserved 1048576K
}
Event: 60.248 GC heap before
{Heap before GC invocations=117 (full 9):
 PSYoungGen      total 48640K, used 17905K [0x00000000eab00000, 0x00000000f0280000, 0x0000000100000000)
  eden space 30720K, 0% used [0x00000000eab00000,0x00000000eab00000,0x00000000ec900000)
  from space 17920K, 99% used [0x00000000ec900000,0x00000000eda7c480,0x00000000eda80000)
  to   space 28672K, 0% used [0x00000000ee680000,0x00000000ee680000,0x00000000f0280000)
 ParOldGen       total 286208K, used 285053K [0x00000000c0000000, 0x00000000d1780000, 0x00000000eab00000)
  object space 286208K, 99% used [0x00000000c0000000,0x00000000d165f490,0x00000000d1780000)
 Metaspace       used 65365K, committed 66368K, reserved 1114112K
  class space    used 7089K, committed 7488K, reserved 1048576K
}
Event: 60.826 GC heap after
{Heap after GC invocations=117 (full 9):
 PSYoungGen      total 48640K, used 14924K [0x00000000eab00000, 0x00000000f0380000, 0x0000000100000000)
  eden space 30720K, 0% used [0x00000000eab00000,0x00000000eab00000,0x00000000ec900000)
  from space 17920K, 83% used [0x00000000ec900000,0x00000000ed793390,0x00000000eda80000)
  to   space 28672K, 0% used [0x00000000ee780000,0x00000000ee780000,0x00000000f0380000)
 ParOldGen       total 359936K, used 285743K [0x00000000c0000000, 0x00000000d5f80000, 0x00000000eab00000)
  object space 359936K, 79% used [0x00000000c0000000,0x00000000d170bd80,0x00000000d5f80000)
 Metaspace       used 65365K, committed 66368K, reserved 1114112K
  class space    used 7089K, committed 7488K, reserved 1048576K
}
Event: 61.182 GC heap before
{Heap before GC invocations=118 (full 9):
 PSYoungGen      total 48640K, used 45644K [0x00000000eab00000, 0x00000000f0380000, 0x0000000100000000)
  eden space 30720K, 100% used [0x00000000eab00000,0x00000000ec900000,0x00000000ec900000)
  from space 17920K, 83% used [0x00000000ec900000,0x00000000ed793390,0x00000000eda80000)
  to   space 28672K, 0% used [0x00000000ee780000,0x00000000ee780000,0x00000000f0380000)
 ParOldGen       total 359936K, used 285743K [0x00000000c0000000, 0x00000000d5f80000, 0x00000000eab00000)
  object space 359936K, 79% used [0x00000000c0000000,0x00000000d170bd80,0x00000000d5f80000)
 Metaspace       used 65368K, committed 66368K, reserved 1114112K
  class space    used 7089K, committed 7488K, reserved 1048576K
}
Event: 61.246 GC heap after
{Heap after GC invocations=118 (full 9):
 PSYoungGen      total 55296K, used 22255K [0x00000000eab00000, 0x00000000efd80000, 0x0000000100000000)
  eden space 32768K, 0% used [0x00000000eab00000,0x00000000eab00000,0x00000000ecb00000)
  from space 22528K, 98% used [0x00000000ee780000,0x00000000efd3bd68,0x00000000efd80000)
  to   space 24064K, 0% used [0x00000000ece80000,0x00000000ece80000,0x00000000ee600000)
 ParOldGen       total 359936K, used 290817K [0x00000000c0000000, 0x00000000d5f80000, 0x00000000eab00000)
  object space 359936K, 80% used [0x00000000c0000000,0x00000000d1c00758,0x00000000d5f80000)
 Metaspace       used 65368K, committed 66368K, reserved 1114112K
  class space    used 7089K, committed 7488K, reserved 1048576K
}
Event: 62.068 GC heap before
{Heap before GC invocations=119 (full 9):
 PSYoungGen      total 55296K, used 54459K [0x00000000eab00000, 0x00000000efd80000, 0x0000000100000000)
  eden space 32768K, 98% used [0x00000000eab00000,0x00000000eca72fa0,0x00000000ecb00000)
  from space 22528K, 98% used [0x00000000ee780000,0x00000000efd3bd68,0x00000000efd80000)
  to   space 24064K, 0% used [0x00000000ece80000,0x00000000ece80000,0x00000000ee600000)
 ParOldGen       total 359936K, used 290817K [0x00000000c0000000, 0x00000000d5f80000, 0x00000000eab00000)
  object space 359936K, 80% used [0x00000000c0000000,0x00000000d1c00758,0x00000000d5f80000)
 Metaspace       used 65389K, committed 66368K, reserved 1114112K
  class space    used 7090K, committed 7488K, reserved 1048576K
}
Event: 62.104 GC heap after
{Heap after GC invocations=119 (full 9):
 PSYoungGen      total 59392K, used 24050K [0x00000000eab00000, 0x00000000f1e80000, 0x0000000100000000)
  eden space 35328K, 0% used [0x00000000eab00000,0x00000000eab00000,0x00000000ecd80000)
  from space 24064K, 99% used [0x00000000ece80000,0x00000000ee5fc820,0x00000000ee600000)
  to   space 41472K, 0% used [0x00000000ef600000,0x00000000ef600000,0x00000000f1e80000)
 ParOldGen       total 359936K, used 305171K [0x00000000c0000000, 0x00000000d5f80000, 0x00000000eab00000)
  object space 359936K, 84% used [0x00000000c0000000,0x00000000d2a04e90,0x00000000d5f80000)
 Metaspace       used 65389K, committed 66368K, reserved 1114112K
  class space    used 7090K, committed 7488K, reserved 1048576K
}
Event: 63.354 GC heap before
{Heap before GC invocations=120 (full 9):
 PSYoungGen      total 59392K, used 59378K [0x00000000eab00000, 0x00000000f1e80000, 0x0000000100000000)
  eden space 35328K, 100% used [0x00000000eab00000,0x00000000ecd80000,0x00000000ecd80000)
  from space 24064K, 99% used [0x00000000ece80000,0x00000000ee5fc820,0x00000000ee600000)
  to   space 41472K, 0% used [0x00000000ef600000,0x00000000ef600000,0x00000000f1e80000)
 ParOldGen       total 359936K, used 305171K [0x00000000c0000000, 0x00000000d5f80000, 0x00000000eab00000)
  object space 359936K, 84% used [0x00000000c0000000,0x00000000d2a04e90,0x00000000d5f80000)
 Metaspace       used 65437K, committed 66432K, reserved 1114112K
  class space    used 7098K, committed 7488K, reserved 1048576K
}
Event: 63.419 GC heap after
{Heap after GC invocations=120 (full 9):
 PSYoungGen      total 59392K, used 41444K [0x00000000eab00000, 0x00000000f4000000, 0x0000000100000000)
  eden space 17920K, 0% used [0x00000000eab00000,0x00000000eab00000,0x00000000ebc80000)
  from space 41472K, 99% used [0x00000000ef600000,0x00000000f1e79030,0x00000000f1e80000)
  to   space 58880K, 0% used [0x00000000ebc80000,0x00000000ebc80000,0x00000000ef600000)
 ParOldGen       total 359936K, used 318769K [0x00000000c0000000, 0x00000000d5f80000, 0x00000000eab00000)
  object space 359936K, 88% used [0x00000000c0000000,0x00000000d374c6b0,0x00000000d5f80000)
 Metaspace       used 65437K, committed 66432K, reserved 1114112K
  class space    used 7098K, committed 7488K, reserved 1048576K
}
Event: 65.311 GC heap before
{Heap before GC invocations=121 (full 9):
 PSYoungGen      total 59392K, used 59364K [0x00000000eab00000, 0x00000000f4000000, 0x0000000100000000)
  eden space 17920K, 100% used [0x00000000eab00000,0x00000000ebc80000,0x00000000ebc80000)
  from space 41472K, 99% used [0x00000000ef600000,0x00000000f1e79030,0x00000000f1e80000)
  to   space 58880K, 0% used [0x00000000ebc80000,0x00000000ebc80000,0x00000000ef600000)
 ParOldGen       total 359936K, used 318769K [0x00000000c0000000, 0x00000000d5f80000, 0x00000000eab00000)
  object space 359936K, 88% used [0x00000000c0000000,0x00000000d374c6b0,0x00000000d5f80000)
 Metaspace       used 65513K, committed 66496K, reserved 1114112K
  class space    used 7100K, committed 7488K, reserved 1048576K
}
Event: 65.350 GC heap after
{Heap after GC invocations=121 (full 9):
 PSYoungGen      total 46592K, used 28577K [0x00000000eab00000, 0x00000000f0780000, 0x0000000100000000)
  eden space 17920K, 0% used [0x00000000eab00000,0x00000000eab00000,0x00000000ebc80000)
  from space 28672K, 99% used [0x00000000ebc80000,0x00000000ed868568,0x00000000ed880000)
  to   space 38400K, 0% used [0x00000000ee200000,0x00000000ee200000,0x00000000f0780000)
 ParOldGen       total 359936K, used 331332K [0x00000000c0000000, 0x00000000d5f80000, 0x00000000eab00000)
  object space 359936K, 92% used [0x00000000c0000000,0x00000000d4391270,0x00000000d5f80000)
 Metaspace       used 65513K, committed 66496K, reserved 1114112K
  class space    used 7100K, committed 7488K, reserved 1048576K
}
Event: 65.452 GC heap before
{Heap before GC invocations=122 (full 9):
 PSYoungGen      total 46592K, used 46497K [0x00000000eab00000, 0x00000000f0780000, 0x0000000100000000)
  eden space 17920K, 100% used [0x00000000eab00000,0x00000000ebc80000,0x00000000ebc80000)
  from space 28672K, 99% used [0x00000000ebc80000,0x00000000ed868568,0x00000000ed880000)
  to   space 38400K, 0% used [0x00000000ee200000,0x00000000ee200000,0x00000000f0780000)
 ParOldGen       total 359936K, used 331332K [0x00000000c0000000, 0x00000000d5f80000, 0x00000000eab00000)
  object space 359936K, 92% used [0x00000000c0000000,0x00000000d4391270,0x00000000d5f80000)
 Metaspace       used 65561K, committed 66560K, reserved 1114112K
  class space    used 7104K, committed 7488K, reserved 1048576K
}
Event: 65.484 GC heap after
{Heap after GC invocations=122 (full 9):
 PSYoungGen      total 56832K, used 36156K [0x00000000eab00000, 0x00000000f0800000, 0x0000000100000000)
  eden space 18432K, 0% used [0x00000000eab00000,0x00000000eab00000,0x00000000ebd00000)
  from space 38400K, 94% used [0x00000000ee200000,0x00000000f054f110,0x00000000f0780000)
  to   space 37888K, 0% used [0x00000000ebd00000,0x00000000ebd00000,0x00000000ee200000)
 ParOldGen       total 359936K, used 331332K [0x00000000c0000000, 0x00000000d5f80000, 0x00000000eab00000)
  object space 359936K, 92% used [0x00000000c0000000,0x00000000d4391270,0x00000000d5f80000)
 Metaspace       used 65561K, committed 66560K, reserved 1114112K
  class space    used 7104K, committed 7488K, reserved 1048576K
}
Event: 629.626 GC heap before
{Heap before GC invocations=123 (full 9):
 PSYoungGen      total 56832K, used 54588K [0x00000000eab00000, 0x00000000f0800000, 0x0000000100000000)
  eden space 18432K, 99% used [0x00000000eab00000,0x00000000ebcffff8,0x00000000ebd00000)
  from space 38400K, 94% used [0x00000000ee200000,0x00000000f054f110,0x00000000f0780000)
  to   space 37888K, 0% used [0x00000000ebd00000,0x00000000ebd00000,0x00000000ee200000)
 ParOldGen       total 359936K, used 331332K [0x00000000c0000000, 0x00000000d5f80000, 0x00000000eab00000)
  object space 359936K, 92% used [0x00000000c0000000,0x00000000d4391270,0x00000000d5f80000)
 Metaspace       used 65712K, committed 66688K, reserved 1114112K
  class space    used 7118K, committed 7488K, reserved 1048576K
}
Event: 629.663 GC heap after
{Heap after GC invocations=123 (full 9):
 PSYoungGen      total 52224K, used 33545K [0x00000000eab00000, 0x00000000f0100000, 0x0000000100000000)
  eden space 18432K, 0% used [0x00000000eab00000,0x00000000eab00000,0x00000000ebd00000)
  from space 33792K, 99% used [0x00000000ebd00000,0x00000000eddc2520,0x00000000ede00000)
  to   space 34816K, 0% used [0x00000000edf00000,0x00000000edf00000,0x00000000f0100000)
 ParOldGen       total 359936K, used 331340K [0x00000000c0000000, 0x00000000d5f80000, 0x00000000eab00000)
  object space 359936K, 92% used [0x00000000c0000000,0x00000000d4393270,0x00000000d5f80000)
 Metaspace       used 65712K, committed 66688K, reserved 1114112K
  class space    used 7118K, committed 7488K, reserved 1048576K
}

